<?xml version="1.0" encoding="UTF-8"?>
<testng-results skipped="0" failed="0" ignored="0" total="1" passed="1">
  <reporter-output>
  </reporter-output>
  <suite name="Default suite" duration-ms="47839" started-at="2023-02-21T21:51:17Z" finished-at="2023-02-21T21:52:05Z">
    <groups>
    </groups>
    <test name="Default test" duration-ms="47839" started-at="2023-02-21T21:51:17Z" finished-at="2023-02-21T21:52:05Z">
      <class name="Posit_Automation.Take_Home.PositCloudTest">
        <test-method status="PASS" signature="setUp()[pri:0, instance:Posit_Automation.Take_Home.PositCloudTest@59ec2012]" name="setUp" is-config="true" duration-ms="6140" started-at="2023-02-21T16:51:17Z" finished-at="2023-02-21T16:51:23Z">
          <reporter-output>
          </reporter-output>
        </test-method> <!-- setUp -->
        <test-method status="PASS" signature="createSpaceAndProject()[pri:0, instance:Posit_Automation.Take_Home.PositCloudTest@59ec2012]" name="createSpaceAndProject" duration-ms="33925" started-at="2023-02-21T16:51:23Z" finished-at="2023-02-21T16:51:57Z">
          <reporter-output>
          </reporter-output>
        </test-method> <!-- createSpaceAndProject -->
        <test-method status="PASS" signature="tearDown()[pri:0, instance:Posit_Automation.Take_Home.PositCloudTest@59ec2012]" name="tearDown" is-config="true" duration-ms="7750" started-at="2023-02-21T16:51:57Z" finished-at="2023-02-21T16:52:05Z">
          <reporter-output>
          </reporter-output>
        </test-method> <!-- tearDown -->
      </class> <!-- Posit_Automation.Take_Home.PositCloudTest -->
    </test> <!-- Default test -->
  </suite> <!-- Default suite -->
</testng-results>
